<?xml version="1.0" encoding="UTF-8"?>
<!-- Generated by org.testng.reporters.JUnitReportReporter -->
<testsuite hostname="DESKTOP-L12EV7F" failures="0" tests="1" name="PracticeAutomation2.AddProducttocart" time="40.113" errors="0" timestamp="2023-01-10T10:08:53 IST" skipped="0">
  <testcase classname="PracticeAutomation2.AddProducttocart" name="productadd" time="40.113"/>
  <system-out/>
</testsuite> <!-- PracticeAutomation2.AddProducttocart -->
