<?xml version="1.0" encoding="UTF-8"?>
<!-- Generated by org.testng.reporters.JUnitReportReporter -->
<testsuite hostname="DESKTOP-L12EV7F" failures="0" tests="1" name="PracticeAutomation2.AddProducttocart" time="51.305" errors="0" timestamp="2023-01-10T16:46:54 IST" skipped="0">
  <testcase classname="PracticeAutomation2.AddProducttocart" name="productadd" time="51.305"/>
  <system-out/>
</testsuite> <!-- PracticeAutomation2.AddProducttocart -->
